<?xml version="1.0" encoding="UTF-8"?>
<testsuite name="As an aspiring trader i would like to see the price data of some assets" tests="3" skipped="0" failures="0" errors="0" timestamp="2019-03-19T20:09:21" hostname="MAC055" time="20.948">
  <properties/>
  <testcase name="retrieve pricing data for assets" classname="As an aspiring trader i would like to see the price data of some assets" time="6.711"/>
  <testcase name="retrieve pricing data for assets" classname="As an aspiring trader i would like to see the price data of some assets" time="6.832"/>
  <testcase name="retrieve pricing data for assets" classname="As an aspiring trader i would like to see the price data of some assets" time="7.286"/>
  <system-out><![CDATA[21:09:21.223 [Test worker] INFO  n.t.c.steps.ConsoleLoggingListener - 
 _____ _____ ____ _____   ____ _____  _    ____ _____ _____ ____  
|_   _| ____/ ___|_   _| / ___|_   _|/ \  |  _ \_   _| ____|  _ \ 
  | | |  _| \___ \ | |   \___ \ | | / _ \ | |_) || | |  _| | | | |
  | | | |___ ___) || |    ___) || |/ ___ \|  _ < | | | |___| |_| |
  |_| |_____|____/ |_|   |____/ |_/_/   \_\_| \_\|_| |_____|____/ 
                                                                  

TEST STARTED: retrieve pricing data for assets
-------------------------------------------------------------------(as-an-aspiring-trader-i-would-like-to-see-the-price-data-of-some-assets;retrieve-pricing-data-for-assets)


















]]></system-out>
  <system-err><![CDATA[Mar 19, 2019 9:09:21 PM org.openqa.selenium.remote.DesiredCapabilities chrome
INFO: Using `new ChromeOptions()` is preferred to `DesiredCapabilities.chrome()`
Starting ChromeDriver 2.46.628411 (3324f4c8be9ff2f70a05a30ebc72ffb013e1a71e) on port 33140
Only local connections are allowed.
Please protect ports used by ChromeDriver and related test frameworks to prevent access by malicious code.
Mar 19, 2019 9:09:22 PM org.openqa.selenium.remote.ProtocolHandshake createSession
INFO: Detected dialect: OSS
Mar 19, 2019 9:09:27 PM org.openqa.selenium.remote.DesiredCapabilities chrome
INFO: Using `new ChromeOptions()` is preferred to `DesiredCapabilities.chrome()`
Mar 19, 2019 9:09:28 PM org.openqa.selenium.remote.ProtocolHandshake createSession
INFO: Detected dialect: OSS
Mar 19, 2019 9:09:34 PM org.openqa.selenium.remote.DesiredCapabilities chrome
INFO: Using `new ChromeOptions()` is preferred to `DesiredCapabilities.chrome()`
Mar 19, 2019 9:09:35 PM org.openqa.selenium.remote.ProtocolHandshake createSession
INFO: Detected dialect: OSS
]]></system-err>
</testsuite>
