<?xml version="1.0" encoding="UTF-8"?>
<testsuite name="ui_test.CucumberTestSuite" tests="0" skipped="0" failures="0" errors="0" timestamp="1970-01-01T00:00:00" hostname="MAC055" time="0.0">
  <properties/>
  <system-out><![CDATA[21:09:21.044 [Test worker] INFO  n.t.c.steps.ConsoleLoggingListener - 

-------------------------------------------------------------------------------------
     _______. _______ .______       _______ .__   __.  __  .___________.____    ____ 
    /       ||   ____||   _  \     |   ____||  \ |  | |  | |           |\   \  /   / 
   |   (----`|  |__   |  |_)  |    |  |__   |   \|  | |  | `---|  |----` \   \/   /  
    \   \    |   __|  |      /     |   __|  |  . `  | |  |     |  |       \_    _/   
.----)   |   |  |____ |  |\  \----.|  |____ |  |\   | |  |     |  |         |  |     
|_______/    |_______|| _| `._____||_______||__| \__| |__|     |__|         |__|    
                                                                                     
 News and tutorials at http://www.serenity-bdd.info                                  
 Documentation at https://wakaleo.gitbooks.io/the-serenity-book/content/             
 Join the Serenity Community on Rocket Chat at https://serenity-bdd.rocket.chat      
 Serenity BDD Support and Training at http://serenity-bdd.info/#/trainingandsupport  
 Learn Serenity BDD online at http://serenity-dojo.com                               
-------------------------------------------------------------------------------------

21:09:21.051 [Test worker] INFO  n.t.c.steps.ConsoleLoggingListener - Test Suite Started: As an aspiring trader i would like to see the price data of some assets
21:09:21.065 [Test worker] INFO  n.t.c.steps.ConsoleLoggingListener - Test Suite Started: As a new visiter on the website I want to be able to select my language

21:09:27.922 [Test worker] INFO  n.t.c.steps.ConsoleLoggingListener - 
        __    _____ _____ ____ _____   ____   _    ____  ____  _____ ____  
  _     \ \  |_   _| ____/ ___|_   _| |  _ \ / \  / ___|/ ___|| ____|  _ \ 
 (_)_____| |   | | |  _| \___ \ | |   | |_) / _ \ \___ \\___ \|  _| | | | |
  _|_____| |   | | | |___ ___) || |   |  __/ ___ \ ___) |___) | |___| |_| |
 (_)     | |   |_| |_____|____/ |_|   |_| /_/   \_\____/|____/|_____|____/ 
        /_/                                                                

TEST PASSED: retrieve pricing data for assets
----------------------------------------------------------------------------

21:09:34.813 [Test worker] INFO  n.t.c.steps.ConsoleLoggingListener - 
        __    _____ _____ ____ _____   ____   _    ____  ____  _____ ____  
  _     \ \  |_   _| ____/ ___|_   _| |  _ \ / \  / ___|/ ___|| ____|  _ \ 
 (_)_____| |   | | |  _| \___ \ | |   | |_) / _ \ \___ \\___ \|  _| | | | |
  _|_____| |   | | | |___ ___) || |   |  __/ ___ \ ___) |___) | |___| |_| |
 (_)     | |   |_| |_____|____/ |_|   |_| /_/   \_\____/|____/|_____|____/ 
        /_/                                                                

TEST PASSED: retrieve pricing data for assets
----------------------------------------------------------------------------

21:09:42.156 [Test worker] INFO  n.t.c.steps.ConsoleLoggingListener - 
        __    _____ _____ ____ _____   ____   _    ____  ____  _____ ____  
  _     \ \  |_   _| ____/ ___|_   _| |  _ \ / \  / ___|/ ___|| ____|  _ \ 
 (_)_____| |   | | |  _| \___ \ | |   | |_) / _ \ \___ \\___ \|  _| | | | |
  _|_____| |   | | | |___ ___) || |   |  __/ ___ \ ___) |___) | |___| |_| |
 (_)     | |   |_| |_____|____/ |_|   |_| /_/   \_\____/|____/|_____|____/ 
        /_/                                                                

TEST PASSED: retrieve pricing data for assets
----------------------------------------------------------------------------
21:09:47.572 [Test worker] INFO  n.t.c.steps.ConsoleLoggingListener - 
        __    _____ _____ ____ _____   ____   _    ____  ____  _____ ____  
  _     \ \  |_   _| ____/ ___|_   _| |  _ \ / \  / ___|/ ___|| ____|  _ \ 
 (_)_____| |   | | |  _| \___ \ | |   | |_) / _ \ \___ \\___ \|  _| | | | |
  _|_____| |   | | | |___ ___) || |   |  __/ ___ \ ___) |___) | |___| |_| |
 (_)     | |   |_| |_____|____/ |_|   |_| /_/   \_\____/|____/|_____|____/ 
        /_/                                                                

TEST PASSED: Select Japanese language
----------------------------------------------------------------------------
Feature: As an aspiring trader i would like to see the price data of some assets

  Scenario Outline: retrieve pricing data for assets ?[90m# features/retrieve_asset_price.feature:5?[0m
    ?[36mGiven John is visiting the trade page?[0m
    ?[36mWhen he looks up <asset>?[0m
    ?[36mThen he can see the current '<fiat>' price is between <min_price> and <max_price>?[0m

    Examples: 

  Scenario Outline: retrieve pricing data for assets                   ?[90m# features/retrieve_asset_price.feature:11?[0m
    ?[32mGiven ?[0m?[32mJohn is visiting the trade page?[0m                              ?[90m# RetrieveAssetPriceStepDefinitions.user_is_visiting_the_trade_page()?[0m
    ?[32mWhen ?[0m?[32mhe looks up ?[0m?[32m?[1mEthereum?[0m                                          ?[90m# RetrieveAssetPriceStepDefinitions.he_looks_up_the_asset(String)?[0m
    ?[32mThen ?[0m?[32mhe can see the current ?[0m?[32m?[1m'USD'?[0m?[32m price is between ?[0m?[32m?[1m100.0?[0m?[32m and ?[0m?[32m?[1m200.0?[0m ?[90m# RetrieveAssetPriceStepDefinitions.he_can_see_the_current_price_is_between_and(String,Float,Float)?[0m

  Scenario Outline: retrieve pricing data for assets                     ?[90m# features/retrieve_asset_price.feature:12?[0m
    ?[32mGiven ?[0m?[32mJohn is visiting the trade page?[0m                                ?[90m# RetrieveAssetPriceStepDefinitions.user_is_visiting_the_trade_page()?[0m
    ?[32mWhen ?[0m?[32mhe looks up ?[0m?[32m?[1mBitcoin?[0m                                             ?[90m# RetrieveAssetPriceStepDefinitions.he_looks_up_the_asset(String)?[0m
    ?[32mThen ?[0m?[32mhe can see the current ?[0m?[32m?[1m'EUR'?[0m?[32m price is between ?[0m?[32m?[1m3000.0?[0m?[32m and ?[0m?[32m?[1m4000.0?[0m ?[90m# RetrieveAssetPriceStepDefinitions.he_can_see_the_current_price_is_between_and(String,Float,Float)?[0m

  Scenario Outline: retrieve pricing data for assets                 ?[90m# features/retrieve_asset_price.feature:13?[0m
    ?[32mGiven ?[0m?[32mJohn is visiting the trade page?[0m                            ?[90m# RetrieveAssetPriceStepDefinitions.user_is_visiting_the_trade_page()?[0m
    ?[32mWhen ?[0m?[32mhe looks up ?[0m?[32m?[1mRipple?[0m                                          ?[90m# RetrieveAssetPriceStepDefinitions.he_looks_up_the_asset(String)?[0m
    ?[32mThen ?[0m?[32mhe can see the current ?[0m?[32m?[1m'CAD'?[0m?[32m price is between ?[0m?[32m?[1m0.40?[0m?[32m and ?[0m?[32m?[1m0.49?[0m ?[90m# RetrieveAssetPriceStepDefinitions.he_can_see_the_current_price_is_between_and(String,Float,Float)?[0m

Feature: As a new visiter on the website I want to be able to select my language

  Scenario: Select Japanese language          ?[90m# features/site_language.feature:7?[0m
    ?[32mGiven ?[0m?[32mYoko is on the homepage?[0m             ?[90m# SelectSiteLanguageStepDefinitions.yoko_is_on_the_homepage()?[0m
    ?[32mWhen ?[0m?[32mshe chooses ?[0m?[32m?[1m"Japanese"?[0m?[32m as a language?[0m ?[90m# SelectSiteLanguageStepDefinitions.she_chooses_Japanese_as_a_language(String)?[0m
    ?[32mThen ?[0m?[32mshe can see the Japanese greeting?[0m    ?[90m# SelectSiteLanguageStepDefinitions.she_can_see_the_Japanese_greeting()?[0m

4 Scenarios (?[32m4 passed?[0m)
12 Steps (?[32m12 passed?[0m)
0m26.585s

]]></system-out>
  <system-err><![CDATA[]]></system-err>
</testsuite>
